"Severity","ThreadID","Date","Time","Application","Message"
"ERROR","Thread-3","10/30/2015","06:00:55","controler","was not able to stop conroler thread running for 21988421ms;java.lang.Throwable;java.lang.Throwable
	at java.io.UnixFileSystem.getBooleanAttributes0(Native Method)
	at java.io.UnixFileSystem.getBooleanAttributes(UnixFileSystem.java:242)
	at java.io.File.isFile(File.java:876)
	at lucee.commons.io.res.type.file.FileResource.isFile(FileResource.java:536)
	at lucee.commons.io.res.util.ResourceUtil.getRealSize(ResourceUtil.java:1121)
	at lucee.commons.io.res.util.ResourceUtil.getRealSize(ResourceUtil.java:1112)
	at lucee.commons.io.res.util.ResourceUtil.getRealSize(ResourceUtil.java:1128)
	at lucee.commons.io.res.util.ResourceUtil.getRealSize(ResourceUtil.java:1112)
	at lucee.commons.io.res.util.ResourceUtil.getRealSize(ResourceUtil.java:1128)
	at lucee.commons.io.res.util.ResourceUtil.getRealSize(ResourceUtil.java:1112)
	at lucee.commons.io.res.util.ResourceUtil.getRealSize(ResourceUtil.java:1128)
	at lucee.commons.io.res.util.ResourceUtil.getRealSize(ResourceUtil.java:1112)
	at lucee.commons.io.res.util.ResourceUtil.getRealSize(ResourceUtil.java:1128)
	at lucee.commons.io.res.util.ResourceUtil.getRealSize(ResourceUtil.java:1112)
	at lucee.commons.io.res.util.ResourceUtil.getRealSize(ResourceUtil.java:1128)
	at lucee.runtime.engine.Controler.checkSize(Controler.java:360)
	at lucee.runtime.engine.Controler.checkTempDirectorySize(Controler.java:353)
	at lucee.runtime.engine.Controler.control(Controler.java:296)
	at lucee.runtime.engine.Controler.control(Controler.java:214)
	at lucee.runtime.engine.Controler.access$000(Controler.java:59)
	at lucee.runtime.engine.Controler$ControlerThread.run(Controler.java:110)
"
"ERROR","Thread-5","11/11/2015","19:33:26","controler","was not able to stop conroler thread running for 1360417ms;java.lang.Throwable;java.lang.Throwable
	at java.net.PlainDatagramSocketImpl.receive0(Native Method)
	at java.net.AbstractPlainDatagramSocketImpl.receive(AbstractPlainDatagramSocketImpl.java:146)
	at java.net.DatagramSocket.receive(DatagramSocket.java:817)
	at lucee.runtime.net.ntp.NtpClient.getOffset(NtpClient.java:67)
	at lucee.runtime.config.ConfigImpl.reloadTimeServerOffset(ConfigImpl.java:462)
	at lucee.runtime.engine.Controler.control(Controler.java:291)
	at lucee.runtime.engine.Controler.control(Controler.java:214)
	at lucee.runtime.engine.Controler.access$000(Controler.java:59)
	at lucee.runtime.engine.Controler$ControlerThread.run(Controler.java:110)
"
"ERROR","Thread-5","02/05/2016","14:36:09","controler","was not able to stop conroler thread running for 50745ms;java.lang.Throwable;java.lang.Throwable
	at java.io.UnixFileSystem.getLength(Native Method)
	at java.io.File.length(File.java:968)
	at lucee.commons.io.res.type.file.FileResource.length(FileResource.java:566)
	at lucee.commons.io.res.util.ResourceUtil.getRealSize(ResourceUtil.java:1122)
	at lucee.commons.io.res.util.ResourceUtil.getRealSize(ResourceUtil.java:1112)
	at lucee.commons.io.res.util.ResourceUtil.getRealSize(ResourceUtil.java:1128)
	at lucee.commons.io.res.util.ResourceUtil.getRealSize(ResourceUtil.java:1112)
	at lucee.commons.io.res.util.ResourceUtil.getRealSize(ResourceUtil.java:1128)
	at lucee.commons.io.res.util.ResourceUtil.getRealSize(ResourceUtil.java:1112)
	at lucee.commons.io.res.util.ResourceUtil.getRealSize(ResourceUtil.java:1128)
	at lucee.commons.io.res.util.ResourceUtil.getRealSize(ResourceUtil.java:1112)
	at lucee.commons.io.res.util.ResourceUtil.getRealSize(ResourceUtil.java:1128)
	at lucee.commons.io.res.util.ResourceUtil.getRealSize(ResourceUtil.java:1112)
	at lucee.commons.io.res.util.ResourceUtil.getRealSize(ResourceUtil.java:1128)
	at lucee.runtime.engine.Controler.checkSize(Controler.java:360)
	at lucee.runtime.engine.Controler.checkTempDirectorySize(Controler.java:353)
	at lucee.runtime.engine.Controler.control(Controler.java:296)
	at lucee.runtime.engine.Controler.control(Controler.java:214)
	at lucee.runtime.engine.Controler.access$000(Controler.java:59)
	at lucee.runtime.engine.Controler$ControlerThread.run(Controler.java:110)
"
"ERROR","localhost-startStop-1","07/31/2016","00:22:37","","Cache;cannot load class through its string name, because no definition for the class with the specified name [org.lucee.extension.cache.eh.EHCache] could be found;lucee.commons.lang.ClassException: cannot load class through its string name, because no definition for the class with the specified name [org.lucee.extension.cache.eh.EHCache] could be found
	at lucee.commons.lang.ClassUtil.loadClass(ClassUtil.java:179)
	at lucee.transformer.library.ClassDefinitionImpl.getClazz(ClassDefinitionImpl.java:71)
	at lucee.runtime.cache.CacheConnectionImpl.<init>(CacheConnectionImpl.java:48)
	at lucee.runtime.config.XMLConfigWebFactory.loadCache(XMLConfigWebFactory.java:2146)
	at lucee.runtime.config.XMLConfigWebFactory.load(XMLConfigWebFactory.java:407)
	at lucee.runtime.config.XMLConfigServerFactory.load(XMLConfigServerFactory.java:168)
	at lucee.runtime.config.XMLConfigServerFactory.newInstance(XMLConfigServerFactory.java:124)
	at lucee.runtime.engine.CFMLEngineImpl.getConfigServerImpl(CFMLEngineImpl.java:560)
	at lucee.runtime.engine.CFMLEngineImpl.<init>(CFMLEngineImpl.java:235)
	at lucee.runtime.engine.CFMLEngineImpl.getInstance(CFMLEngineImpl.java:513)
	at sun.reflect.NativeMethodAccessorImpl.invoke0(Native Method)
	at sun.reflect.NativeMethodAccessorImpl.invoke(NativeMethodAccessorImpl.java:57)
	at sun.reflect.DelegatingMethodAccessorImpl.invoke(DelegatingMethodAccessorImpl.java:43)
	at java.lang.reflect.Method.invoke(Method.java:606)
	at lucee.loader.engine.CFMLEngineFactory.getEngine(CFMLEngineFactory.java:1499)
	at lucee.loader.engine.CFMLEngineFactory._getCore(CFMLEngineFactory.java:525)
	at lucee.loader.engine.CFMLEngineFactory.initEngine(CFMLEngineFactory.java:337)
	at lucee.loader.engine.CFMLEngineFactory.initEngineIfNecessary(CFMLEngineFactory.java:264)
	at lucee.loader.engine.CFMLEngineFactory.getInstance(CFMLEngineFactory.java:160)
	at lucee.loader.engine.CFMLEngineFactory.getInstance(CFMLEngineFactory.java:198)
	at lucee.loader.servlet.CFMLServlet.init(CFMLServlet.java:44)
	at org.apache.catalina.core.StandardWrapper.initServlet(StandardWrapper.java:1279)
	at org.apache.catalina.core.StandardWrapper.loadServlet(StandardWrapper.java:1192)
	at org.apache.catalina.core.StandardWrapper.load(StandardWrapper.java:1087)
	at org.apache.catalina.core.StandardContext.loadOnStartup(StandardContext.java:5247)
	at org.apache.catalina.core.StandardContext.startInternal(StandardContext.java:5530)
	at org.apache.catalina.util.LifecycleBase.start(LifecycleBase.java:150)
	at org.apache.catalina.core.ContainerBase$StartChild.call(ContainerBase.java:1559)
	at org.apache.catalina.core.ContainerBase$StartChild.call(ContainerBase.java:1549)
	at java.util.concurrent.FutureTask.run(FutureTask.java:262)
	at java.util.concurrent.ThreadPoolExecutor.runWorker(ThreadPoolExecutor.java:1145)
	at java.util.concurrent.ThreadPoolExecutor$Worker.run(ThreadPoolExecutor.java:615)
	at java.lang.Thread.run(Thread.java:745)
"
